  matrixcomp.c
c:\users\carlopc\source\repos\matrix_computation\matrixcomp.c(5): warning C4028: parametro formale 1 differente dalla dichiarazione
c:\users\carlopc\source\repos\matrix_computation\matrixcomp.c(16): warning C4090: 'funzione': qualificatori 'const' differenti
c:\users\carlopc\source\repos\matrix_computation\matrixcomp.c(17): warning C4020: 'laplace': troppi parametri effettivi
c:\users\carlopc\source\repos\matrix_computation\matrixcomp.c(28): warning C4020: 'laplace': troppi parametri effettivi
c:\users\carlopc\source\repos\matrix_computation\matrixcomp.c(58): warning C4028: parametro formale 1 differente dalla dichiarazione
c:\users\carlopc\source\repos\matrix_computation\matrixcomp.c(58): warning C4028: parametro formale 3 differente dalla dichiarazione
c:\users\carlopc\source\repos\matrix_computation\matrixcomp.c(68): warning C4028: parametro formale 1 differente dalla dichiarazione
c:\users\carlopc\source\repos\matrix_computation\matrixcomp.c(91): warning C4028: parametro formale 1 differente dalla dichiarazione
c:\users\carlopc\source\repos\matrix_computation\matrixcomp.c(91): warning C4028: parametro formale 2 differente dalla dichiarazione
c:\users\carlopc\source\repos\matrix_computation\matrixcomp.c(113): warning C4028: parametro formale 1 differente dalla dichiarazione
c:\users\carlopc\source\repos\matrix_computation\matrixcomp.c(113): warning C4028: parametro formale 3 differente dalla dichiarazione
c:\users\carlopc\source\repos\matrix_computation\matrixcomp.c(113): warning C4029: dichiarato un elenco di parametri formali diverso dalla definizione
c:\users\carlopc\source\repos\matrix_computation\matrixcomp.c(118): warning C4090: 'funzione': qualificatori 'const' differenti
c:\users\carlopc\source\repos\matrix_computation\matrixcomp.c(130): warning C4090: 'funzione': qualificatori 'const' differenti
c:\users\carlopc\source\repos\matrix_computation\matrixcomp.c(129): warning C4090: 'inizializzazione': qualificatori 'const' differenti
c:\users\carlopc\source\repos\matrix_computation\matrixcomp.c(143): warning C4267: 'inizializzazione': conversione da 'size_t' a 'int'. Possibile perdita di dati.
c:\users\carlopc\source\repos\matrix_computation\matrixcomp.c(154): warning C4028: parametro formale 1 differente dalla dichiarazione
c:\users\carlopc\source\repos\matrix_computation\matrixcomp.c(161): warning C4267: 'inizializzazione': conversione da 'size_t' a 'int'. Possibile perdita di dati.
c:\users\carlopc\source\repos\matrix_computation\matrixcomp.c(174): warning C4028: parametro formale 1 differente dalla dichiarazione
c:\users\carlopc\source\repos\matrix_computation\matrixcomp.c(217): warning C4028: parametro formale 1 differente dalla dichiarazione
  main.c
  Generazione del codice in corso...
  Matrix_Computation.vcxproj -> C:\Users\carlopc\Source\Repos\matrix_computation\x64\Debug\Matrix_Computation.exe
  Matrix_Computation.vcxproj -> C:\Users\carlopc\Source\Repos\matrix_computation\x64\Debug\Matrix_Computation.pdb (Partial PDB)
